# JRE version: Java(TM) SE Runtime Environment (9.0+11) (build 9.0.4+11)
# Java VM: Java HotSpot(TM) 64-Bit Server VM (9.0.4+11, mixed mode, tiered, compressed oops, g1 gc, windows-amd64)
Heap:
 garbage-first heap   total 442368K, used 211696K [0x0000000700000000, 0x0000000700100d80, 0x00000007c0000000)
  region size 1024K, 13 young (13312K), 7 survivors (7168K)
 Metaspace       used 107569K, capacity 109776K, committed 114864K, reserved 1146880K
  class space    used 15279K, capacity 15726K, committed 16816K, reserved 1048576K
GC Heap History (10 events):
Event: 96933.351 GC heap before
{Heap before GC invocations=3282 (full 230):
 garbage-first heap   total 442368K, used 258626K [0x0000000700000000, 0x0000000700100d80, 0x00000007c0000000)
  region size 1024K, 60 young (61440K), 1 survivors (1024K)
 Metaspace       used 107324K, capacity 109272K, committed 114864K, reserved 1146880K
  class space    used 15227K, capacity 15634K, committed 16816K, reserved 1048576K
}
Event: 96933.352 GC heap after
{Heap after GC invocations=3283 (full 230):
 garbage-first heap   total 442368K, used 198254K [0x0000000700000000, 0x0000000700100d80, 0x00000007c0000000)
  region size 1024K, 1 young (1024K), 1 survivors (1024K)
 Metaspace       used 107324K, capacity 109272K, committed 114864K, reserved 1146880K
  class space    used 15227K, capacity 15634K, committed 16816K, reserved 1048576K
}
Event: 96933.885 GC heap before
{Heap before GC invocations=3283 (full 230):
 garbage-first heap   total 442368K, used 258670K [0x0000000700000000, 0x0000000700100d80, 0x00000007c0000000)
  region size 1024K, 60 young (61440K), 1 survivors (1024K)
 Metaspace       used 107324K, capacity 109272K, committed 114864K, reserved 1146880K
  class space    used 15227K, capacity 15634K, committed 16816K, reserved 1048576K
}
Event: 96933.886 GC heap after
{Heap after GC invocations=3284 (full 230):
 garbage-first heap   total 442368K, used 198347K [0x0000000700000000, 0x0000000700100d80, 0x00000007c0000000)
  region size 1024K, 1 young (1024K), 1 survivors (1024K)
 Metaspace       used 107324K, capacity 109272K, committed 114864K, reserved 1146880K
  class space    used 15227K, capacity 15634K, committed 16816K, reserved 1048576K
}
Event: 96939.024 GC heap before
{Heap before GC invocations=3284 (full 230):
 garbage-first heap   total 442368K, used 258763K [0x0000000700000000, 0x0000000700100d80, 0x00000007c0000000)
  region size 1024K, 60 young (61440K), 1 survivors (1024K)
 Metaspace       used 107385K, capacity 109432K, committed 114864K, reserved 1146880K
  class space    used 15244K, capacity 15666K, committed 16816K, reserved 1048576K
}
Event: 96939.026 GC heap after
{Heap after GC invocations=3285 (full 230):
 garbage-first heap   total 442368K, used 200111K [0x0000000700000000, 0x0000000700100d80, 0x00000007c0000000)
  region size 1024K, 2 young (2048K), 2 survivors (2048K)
 Metaspace       used 107385K, capacity 109432K, committed 114864K, reserved 1146880K
  class space    used 15244K, capacity 15666K, committed 16816K, reserved 1048576K
}
Event: 96939.679 GC heap before
{Heap before GC invocations=3285 (full 230):
 garbage-first heap   total 442368K, used 259503K [0x0000000700000000, 0x0000000700100d80, 0x00000007c0000000)
  region size 1024K, 60 young (61440K), 2 survivors (2048K)
 Metaspace       used 107385K, capacity 109432K, committed 114864K, reserved 1146880K
  class space    used 15244K, capacity 15666K, committed 16816K, reserved 1048576K
}
Event: 96939.684 GC heap after
{Heap after GC invocations=3286 (full 230):
 garbage-first heap   total 442368K, used 203500K [0x0000000700000000, 0x0000000700100d80, 0x00000007c0000000)
  region size 1024K, 6 young (6144K), 6 survivors (6144K)
 Metaspace       used 107385K, capacity 109432K, committed 114864K, reserved 1146880K
  class space    used 15244K, capacity 15666K, committed 16816K, reserved 1048576K
}
Event: 96940.053 GC heap before
{Heap before GC invocations=3286 (full 230):
 garbage-first heap   total 442368K, used 258796K [0x0000000700000000, 0x0000000700100d80, 0x00000007c0000000)
  region size 1024K, 60 young (61440K), 6 survivors (6144K)
 Metaspace       used 107493K, capacity 109622K, committed 114864K, reserved 1146880K
  class space    used 15259K, capacity 15693K, committed 16816K, reserved 1048576K
}
Event: 96940.058 GC heap after
{Heap after GC invocations=3287 (full 230):
 garbage-first heap   total 442368K, used 206576K [0x0000000700000000, 0x0000000700100d80, 0x00000007c0000000)
  region size 1024K, 7 young (7168K), 7 survivors (7168K)
 Metaspace       used 107493K, capacity 109622K, committed 114864K, reserved 1146880K
  class space    used 15259K, capacity 15693K, committed 16816K, reserved 1048576K
}

